<?xml version="1.0" encoding="utf-8"?><testsuites name="pytest tests"><testsuite name="pytest" errors="0" failures="0" skipped="0" tests="15" time="35.108" timestamp="2026-03-05T01:46:25.107436+00:00" hostname="agent-env-b276a7f8-b965-449a-b8a4-f7c7b4d6cf5f"><testcase classname="backend.tests.test_new_features.TestChangePassword" name="test_change_password_success" time="3.003" /><testcase classname="backend.tests.test_new_features.TestChangePassword" name="test_change_password_wrong_current" time="1.288" /><testcase classname="backend.tests.test_new_features.TestChangePassword" name="test_change_password_short_new_password" time="1.527" /><testcase classname="backend.tests.test_new_features.TestChangePassword" name="test_change_password_without_auth" time="0.399" /><testcase classname="backend.tests.test_new_features.TestNotifications" name="test_get_notifications_empty" time="1.031" /><testcase classname="backend.tests.test_new_features.TestNotifications" name="test_get_unread_count" time="1.156" /><testcase classname="backend.tests.test_new_features.TestNotifications" name="test_mark_notification_read_nonexistent" time="1.049" /><testcase classname="backend.tests.test_new_features.TestNotifications" name="test_mark_all_notifications_read" time="1.059" /><testcase classname="backend.tests.test_new_features.TestNotifications" name="test_notifications_require_auth" time="1.465" /><testcase classname="backend.tests.test_new_features.TestSuperLikes" name="test_get_remaining_superlikes_initial" time="3.704" /><testcase classname="backend.tests.test_new_features.TestSuperLikes" name="test_superlike_decrements_remaining" time="4.192" /><testcase classname="backend.tests.test_new_features.TestSuperLikes" name="test_superlike_limit_enforced" time="5.281" /><testcase classname="backend.tests.test_new_features.TestSuperLikes" name="test_regular_like_after_superlike_limit" time="4.908" /><testcase classname="backend.tests.test_new_features.TestSuperLikes" name="test_superlikes_only_for_seekers" time="4.355" /><testcase classname="backend.tests.test_new_features.TestExistingUserLogin" name="test_onboarded_user_login" time="0.609" /></testsuite></testsuites>