<?xml version="1.0" encoding="utf-8"?><testsuites name="pytest tests"><testsuite name="pytest" errors="0" failures="0" skipped="0" tests="10" time="10.291" timestamp="2026-03-05T01:22:16.610106+00:00" hostname="agent-env-b276a7f8-b965-449a-b8a4-f7c7b4d6cf5f"><testcase classname="backend.tests.test_password_reset.TestForgotPassword" name="test_01_register_test_user" time="0.797" /><testcase classname="backend.tests.test_password_reset.TestForgotPassword" name="test_02_login_with_original_password" time="0.624" /><testcase classname="backend.tests.test_password_reset.TestForgotPassword" name="test_03_forgot_password_creates_token" time="0.523" /><testcase classname="backend.tests.test_password_reset.TestForgotPassword" name="test_04_forgot_password_nonexistent_email" time="0.403" /><testcase classname="backend.tests.test_password_reset.TestForgotPassword" name="test_05_reset_password_invalid_token" time="0.413" /><testcase classname="backend.tests.test_password_reset.TestForgotPassword" name="test_06_reset_password_empty_token" time="0.413" /><testcase classname="backend.tests.test_password_reset.TestForgotPassword" name="test_07_forgot_password_invalid_email_format" time="0.401" /><testcase classname="backend.tests.test_password_reset.TestPasswordResetIntegration" name="test_complete_password_reset_flow" time="3.274" /><testcase classname="backend.tests.test_password_reset.TestPasswordResetEdgeCases" name="test_multiple_reset_requests" time="1.786" /><testcase classname="backend.tests.test_password_reset.TestPasswordResetEdgeCases" name="test_password_length_validation" time="1.584" /></testsuite></testsuites>