<?xml version="1.0" encoding="utf-8"?><testsuites name="pytest tests"><testsuite name="pytest" errors="0" failures="0" skipped="0" tests="33" time="14.972" timestamp="2026-03-05T02:12:25.203163+00:00" hostname="agent-env-b276a7f8-b965-449a-b8a4-f7c7b4d6cf5f"><testcase classname="backend.tests.test_refactored_apis.TestHealthCheck" name="test_health_endpoint" time="0.568" /><testcase classname="backend.tests.test_refactored_apis.TestHealthCheck" name="test_api_version" time="0.373" /><testcase classname="backend.tests.test_refactored_apis.TestAuthEndpoints" name="test_login_success" time="1.155" /><testcase classname="backend.tests.test_refactored_apis.TestAuthEndpoints" name="test_login_invalid_credentials" time="0.357" /><testcase classname="backend.tests.test_refactored_apis.TestAuthEndpoints" name="test_get_me_authenticated" time="1.136" /><testcase classname="backend.tests.test_refactored_apis.TestAuthEndpoints" name="test_get_me_unauthorized" time="0.374" /><testcase classname="backend.tests.test_refactored_apis.TestAuthEndpoints" name="test_forgot_password_endpoint" time="0.367" /><testcase classname="backend.tests.test_refactored_apis.TestAuthEndpoints" name="test_change_password_endpoint" time="0.589" /><testcase classname="backend.tests.test_refactored_apis.TestAuthEndpoints" name="test_update_profile_endpoint" time="0.366" /><testcase classname="backend.tests.test_refactored_apis.TestJobsEndpoints" name="test_get_jobs_seeker" time="0.474" /><testcase classname="backend.tests.test_refactored_apis.TestJobsEndpoints" name="test_get_jobs_recruiter" time="0.981" /><testcase classname="backend.tests.test_refactored_apis.TestJobsEndpoints" name="test_create_job_recruiter" time="0.369" /><testcase classname="backend.tests.test_refactored_apis.TestJobsEndpoints" name="test_create_job_seeker_forbidden" time="0.355" /><testcase classname="backend.tests.test_refactored_apis.TestApplicationsEndpoints" name="test_get_superlikes_remaining" time="0.366" /><testcase classname="backend.tests.test_refactored_apis.TestApplicationsEndpoints" name="test_superlikes_recruiter_forbidden" time="0.371" /><testcase classname="backend.tests.test_refactored_apis.TestApplicationsEndpoints" name="test_get_applications_recruiter" time="0.372" /><testcase classname="backend.tests.test_refactored_apis.TestApplicationsEndpoints" name="test_get_applications_seeker_forbidden" time="0.365" /><testcase classname="backend.tests.test_refactored_apis.TestNotificationsEndpoints" name="test_get_notifications" time="0.369" /><testcase classname="backend.tests.test_refactored_apis.TestNotificationsEndpoints" name="test_get_unread_count" time="0.353" /><testcase classname="backend.tests.test_refactored_apis.TestNotificationsEndpoints" name="test_mark_all_read" time="0.378" /><testcase classname="backend.tests.test_refactored_apis.TestNotificationsEndpoints" name="test_mark_single_notification_not_found" time="0.373" /><testcase classname="backend.tests.test_refactored_apis.TestStatsEndpoints" name="test_get_stats_seeker" time="0.369" /><testcase classname="backend.tests.test_refactored_apis.TestStatsEndpoints" name="test_get_stats_recruiter" time="0.366" /><testcase classname="backend.tests.test_refactored_apis.TestStatsEndpoints" name="test_profile_completeness" time="0.367" /><testcase classname="backend.tests.test_refactored_apis.TestVideoUploadEndpoints" name="test_video_upload_seeker_only" time="0.435" /><testcase classname="backend.tests.test_refactored_apis.TestVideoUploadEndpoints" name="test_video_delete_seeker_only" time="0.357" /><testcase classname="backend.tests.test_refactored_apis.TestVideoUploadEndpoints" name="test_video_get_nonexistent" time="0.351" /><testcase classname="backend.tests.test_refactored_apis.TestVideoUploadEndpoints" name="test_photo_get_nonexistent" time="0.378" /><testcase classname="backend.tests.test_refactored_apis.TestPushSubscriptionEndpoints" name="test_push_subscribe" time="0.375" /><testcase classname="backend.tests.test_refactored_apis.TestPushSubscriptionEndpoints" name="test_push_unsubscribe" time="0.359" /><testcase classname="backend.tests.test_refactored_apis.TestMatchesEndpoints" name="test_get_matches_seeker" time="0.379" /><testcase classname="backend.tests.test_refactored_apis.TestMatchesEndpoints" name="test_get_matches_recruiter" time="0.364" /><testcase classname="backend.tests.test_refactored_apis.TestMatchesEndpoints" name="test_get_match_not_found" time="0.368" /></testsuite></testsuites>